execve("scip/a.out", ["scip/a.out", "input.tbl", "out.txt"], [/* 16 vars */]) = 0
brk(0)                                  = 0xcd6000
access("/etc/ld.so.nohwcap", F_OK)      = -1 ENOENT (No such file or directory)
mmap(NULL, 8192, PROT_READ|PROT_WRITE, MAP_PRIVATE|MAP_ANONYMOUS, -1, 0) = 0x7f538c2d6000
access("/etc/ld.so.preload", R_OK)      = -1 ENOENT (No such file or directory)
open("/etc/ld.so.cache", O_RDONLY|O_CLOEXEC) = 3
fstat(3, {st_mode=S_IFREG|0644, st_size=24425, ...}) = 0
mmap(NULL, 24425, PROT_READ, MAP_PRIVATE, 3, 0) = 0x7f538c2d0000
close(3)                                = 0
access("/etc/ld.so.nohwcap", F_OK)      = -1 ENOENT (No such file or directory)
open("/usr/lib/x86_64-linux-gnu/libstdc++.so.6", O_RDONLY|O_CLOEXEC) = 3
read(3, "\177ELF\2\1\1\0\0\0\0\0\0\0\0\0\3\0>\0\1\0\0\0\300\265\5\0\0\0\0\0"..., 832) = 832
fstat(3, {st_mode=S_IFREG|0644, st_size=979056, ...}) = 0
mmap(NULL, 3159072, PROT_READ|PROT_EXEC, MAP_PRIVATE|MAP_DENYWRITE, 3, 0) = 0x7f538bdb2000
mprotect(0x7f538be98000, 2093056, PROT_NONE) = 0
mmap(0x7f538c097000, 40960, PROT_READ|PROT_WRITE, MAP_PRIVATE|MAP_FIXED|MAP_DENYWRITE, 3, 0xe5000) = 0x7f538c097000
mmap(0x7f538c0a1000, 82976, PROT_READ|PROT_WRITE, MAP_PRIVATE|MAP_FIXED|MAP_ANONYMOUS, -1, 0) = 0x7f538c0a1000
close(3)                                = 0
access("/etc/ld.so.nohwcap", F_OK)      = -1 ENOENT (No such file or directory)
open("/lib/x86_64-linux-gnu/libgcc_s.so.1", O_RDONLY|O_CLOEXEC) = 3
read(3, "\177ELF\2\1\1\0\0\0\0\0\0\0\0\0\3\0>\0\1\0\0\0\260*\0\0\0\0\0\0"..., 832) = 832
fstat(3, {st_mode=S_IFREG|0644, st_size=90080, ...}) = 0
mmap(NULL, 2185952, PROT_READ|PROT_EXEC, MAP_PRIVATE|MAP_DENYWRITE, 3, 0) = 0x7f538bb9c000
mprotect(0x7f538bbb2000, 2093056, PROT_NONE) = 0
mmap(0x7f538bdb1000, 4096, PROT_READ|PROT_WRITE, MAP_PRIVATE|MAP_FIXED|MAP_DENYWRITE, 3, 0x15000) = 0x7f538bdb1000
close(3)                                = 0
access("/etc/ld.so.nohwcap", F_OK)      = -1 ENOENT (No such file or directory)
open("/lib/x86_64-linux-gnu/libc.so.6", O_RDONLY|O_CLOEXEC) = 3
read(3, "\177ELF\2\1\1\0\0\0\0\0\0\0\0\0\3\0>\0\1\0\0\0\320\37\2\0\0\0\0\0"..., 832) = 832
fstat(3, {st_mode=S_IFREG|0755, st_size=1845024, ...}) = 0
mmap(NULL, 4096, PROT_READ|PROT_WRITE, MAP_PRIVATE|MAP_ANONYMOUS, -1, 0) = 0x7f538c2cf000
mmap(NULL, 3953344, PROT_READ|PROT_EXEC, MAP_PRIVATE|MAP_DENYWRITE, 3, 0) = 0x7f538b7d6000
mprotect(0x7f538b991000, 2097152, PROT_NONE) = 0
mmap(0x7f538bb91000, 24576, PROT_READ|PROT_WRITE, MAP_PRIVATE|MAP_FIXED|MAP_DENYWRITE, 3, 0x1bb000) = 0x7f538bb91000
mmap(0x7f538bb97000, 17088, PROT_READ|PROT_WRITE, MAP_PRIVATE|MAP_FIXED|MAP_ANONYMOUS, -1, 0) = 0x7f538bb97000
close(3)                                = 0
access("/etc/ld.so.nohwcap", F_OK)      = -1 ENOENT (No such file or directory)
open("/lib/x86_64-linux-gnu/libm.so.6", O_RDONLY|O_CLOEXEC) = 3
read(3, "\177ELF\2\1\1\0\0\0\0\0\0\0\0\0\3\0>\0\1\0\0\0\20V\0\0\0\0\0\0"..., 832) = 832
fstat(3, {st_mode=S_IFREG|0644, st_size=1071552, ...}) = 0
mmap(NULL, 3166568, PROT_READ|PROT_EXEC, MAP_PRIVATE|MAP_DENYWRITE, 3, 0) = 0x7f538b4d0000
mprotect(0x7f538b5d5000, 2093056, PROT_NONE) = 0
mmap(0x7f538b7d4000, 8192, PROT_READ|PROT_WRITE, MAP_PRIVATE|MAP_FIXED|MAP_DENYWRITE, 3, 0x104000) = 0x7f538b7d4000
close(3)                                = 0
mmap(NULL, 4096, PROT_READ|PROT_WRITE, MAP_PRIVATE|MAP_ANONYMOUS, -1, 0) = 0x7f538c2ce000
mmap(NULL, 8192, PROT_READ|PROT_WRITE, MAP_PRIVATE|MAP_ANONYMOUS, -1, 0) = 0x7f538c2cc000
arch_prctl(ARCH_SET_FS, 0x7f538c2cc780) = 0
mprotect(0x7f538bb91000, 16384, PROT_READ) = 0
mprotect(0x7f538b7d4000, 4096, PROT_READ) = 0
mmap(NULL, 4096, PROT_READ|PROT_WRITE, MAP_PRIVATE|MAP_ANONYMOUS, -1, 0) = 0x7f538c2cb000
mprotect(0x7f538c097000, 32768, PROT_READ) = 0
mprotect(0x603000, 4096, PROT_READ)     = 0
mprotect(0x7f538c2d8000, 4096, PROT_READ) = 0
munmap(0x7f538c2d0000, 24425)           = 0
brk(0)                                  = 0xcd6000
brk(0xcf7000)                           = 0xcf7000
open("input.tbl", O_RDONLY)             = 3
open("Intermediate.txt", O_WRONLY|O_CREAT|O_TRUNC, 0666) = -1 EACCES (Permission denied)
fstat(3, {st_mode=S_IFREG|0777, st_size=7494932, ...}) = 0
mmap(NULL, 4096, PROT_READ|PROT_WRITE, MAP_PRIVATE|MAP_ANONYMOUS, -1, 0) = 0x7f538c2d5000
read(3, "zimpl\tv       0\tx$John_Smith$0@0"..., 4096) = 4096
--- SIGSEGV {si_signo=SIGSEGV, si_code=SEGV_MAPERR, si_addr=0xc0} ---
+++ killed by SIGSEGV +++
